OfferWallApp/manifest-merger-release-report.txt
-- Merging decision tree log ---
manifest
ADDED from AndroidManifest.xml:2:1
	xmlns:android
		ADDED from AndroidManifest.xml:2:11
	package
		ADDED from AndroidManifest.xml:3:5
		INJECTED from AndroidManifest.xml:0:0
		INJECTED from AndroidManifest.xml:0:0
	android:versionName
		INJECTED from AndroidManifest.xml:0:0
		INJECTED from AndroidManifest.xml:0:0
	android:versionCode
		INJECTED from AndroidManifest.xml:0:0
		INJECTED from AndroidManifest.xml:0:0
uses-permission#android.permission.INTERNET
ADDED from AndroidManifest.xml:5:2
	android:name
		ADDED from AndroidManifest.xml:5:19
uses-permission#android.permission.ACCESS_NETWORK_STATE
ADDED from AndroidManifest.xml:6:2
	android:name
		ADDED from AndroidManifest.xml:6:19
application
ADDED from AndroidManifest.xml:8:5
MERGED from OfferWall:ParseAppUI:unspecified:11:5
MERGED from com.facebook.android:facebook-android-sdk:3.21.1:24:5
MERGED from com.android.support:support-v4:21.0.3:16:5
MERGED from com.android.support:appcompat-v7:21.0.3:16:5
MERGED from com.android.support:support-v4:21.0.3:16:5
MERGED from com.android.support:appcompat-v7:21.0.3:16:5
MERGED from com.android.support:support-v4:21.0.3:16:5
	android:label
		ADDED from AndroidManifest.xml:11:9
	android:allowBackup
		ADDED from AndroidManifest.xml:9:9
	android:icon
		ADDED from AndroidManifest.xml:10:9
	android:theme
		ADDED from AndroidManifest.xml:13:9
	android:name
		ADDED from AndroidManifest.xml:12:9
activity#tw.soleil.offerwall.activity.MainActivity
ADDED from AndroidManifest.xml:14:9
	android:label
		ADDED from AndroidManifest.xml:16:13
	android:name
		ADDED from AndroidManifest.xml:15:13
intent-filter#android.intent.action.MAIN+android.intent.category.LAUNCHER
ADDED from AndroidManifest.xml:17:13
action#android.intent.action.MAIN
ADDED from AndroidManifest.xml:18:17
	android:name
		ADDED from AndroidManifest.xml:18:25
category#android.intent.category.LAUNCHER
ADDED from AndroidManifest.xml:20:17
	android:name
		ADDED from AndroidManifest.xml:20:27
activity#tw.soleil.offerwall.activity.SettingsActivity
ADDED from AndroidManifest.xml:24:6
	android:label
		ADDED from AndroidManifest.xml:25:7
	android:name
		ADDED from AndroidManifest.xml:24:16
activity#com.parse.ui.ParseLoginActivity
ADDED from AndroidManifest.xml:28:6
	android:name
		ADDED from AndroidManifest.xml:28:16
meta-data#com.parse.ui.ParseLoginActivity.PARSE_LOGIN_ENABLED
ADDED from AndroidManifest.xml:29:6
	android:name
		ADDED from AndroidManifest.xml:30:7
	android:value
		ADDED from AndroidManifest.xml:31:7
meta-data#com.parse.ui.ParseLoginActivity.FACEBOOK_LOGIN_ENABLED
ADDED from AndroidManifest.xml:32:7
	android:name
		ADDED from AndroidManifest.xml:33:8
	android:value
		ADDED from AndroidManifest.xml:34:8
meta-data#com.parse.ui.ParseLoginActivity.TWITTER_LOGIN_ENABLED
ADDED from AndroidManifest.xml:35:7
	android:name
		ADDED from AndroidManifest.xml:36:8
	android:value
		ADDED from AndroidManifest.xml:37:8
activity#com.facebook.LoginActivity
ADDED from AndroidManifest.xml:40:6
	android:name
		ADDED from AndroidManifest.xml:40:16
meta-data#com.facebook.sdk.ApplicationId
ADDED from AndroidManifest.xml:42:6
	android:name
		ADDED from AndroidManifest.xml:42:17
	android:value
		ADDED from AndroidManifest.xml:42:63
receiver#tw.soleil.core.service.InstallerReceiver
ADDED from AndroidManifest.xml:44:6
	android:name
		ADDED from AndroidManifest.xml:44:16
intent-filter#android.intent.action.PACKAGE_ADDED+android.intent.action.PACKAGE_CHANGED+android.intent.action.PACKAGE_REMOVED+android.intent.category.DEFAULT
ADDED from AndroidManifest.xml:45:7
action#android.intent.action.PACKAGE_ADDED
ADDED from AndroidManifest.xml:46:8
	android:name
		ADDED from AndroidManifest.xml:46:16
action#android.intent.action.PACKAGE_CHANGED
ADDED from AndroidManifest.xml:47:8
	android:name
		ADDED from AndroidManifest.xml:47:16
action#android.intent.action.PACKAGE_REMOVED
ADDED from AndroidManifest.xml:48:8
	android:name
		ADDED from AndroidManifest.xml:48:16
category#android.intent.category.DEFAULT
ADDED from AndroidManifest.xml:49:8
	android:name
		ADDED from AndroidManifest.xml:49:18
data
ADDED from AndroidManifest.xml:50:8
	android:scheme
		ADDED from AndroidManifest.xml:50:14
uses-sdk
INJECTED from AndroidManifest.xml:0:0 reason: use-sdk injection requested
MERGED from OfferWall:ParseAppUI:unspecified:7:5
MERGED from com.facebook.android:facebook-android-sdk:3.21.1:20:5
MERGED from com.android.support:support-v4:21.0.3:15:5
MERGED from com.android.support:appcompat-v7:21.0.3:15:5
MERGED from com.android.support:support-v4:21.0.3:15:5
MERGED from com.android.support:appcompat-v7:21.0.3:15:5
MERGED from com.android.support:support-v4:21.0.3:15:5
	android:targetSdkVersion
		INJECTED from AndroidManifest.xml:0:0
		INJECTED from AndroidManifest.xml:0:0
	android:minSdkVersion
		INJECTED from AndroidManifest.xml:0:0
		INJECTED from AndroidManifest.xml:0:0